ICDB server [info]: Starting [Autosave] backup process
ICDB server [info]: [AutoSave] backup of size [55.1 kB] created successfully in location [C:\PADS Projects\DxProjects\PRUEBA\ProjectBackup\backups\2021-10-04 17.57.55 - auto.zip]
ICDB server [info]: Starting [Autosave] backup process
ICDB server [info]: [AutoSave] backup of size [60.8 kB] created successfully in location [C:\PADS Projects\DxProjects\PRUEBA\ProjectBackup\backups\2021-10-04 21.57.55 - auto.zip]
Properties> This property is not defined. Please define the property before editing.
Properties> This property is not defined. Please define the property before editing.
Properties> This property is not defined. Please define the property before editing.
Properties> This property is not defined. Please define the property before editing.
Properties> This property is not defined. Please define the property before editing.
Properties> This property is not defined. Please define the property before editing.
Properties> This property is not defined. Please define the property before editing.
Properties> This property is not defined. Please define the property before editing.
Properties> This property is not defined. Please define the property before editing.
Properties> This property is not defined. Please define the property before editing.
Properties> This property is not defined. Please define the property before editing.
Properties> This property is not defined. Please define the property before editing.
Properties> This property is not defined. Please define the property before editing.
Properties> This property is not defined. Please define the property before editing.
Properties> This property is not defined. Please define the property before editing.
Properties> This property is not defined. Please define the property before editing.
Properties> This property is not defined. Please define the property before editing.
Properties> This property is not defined. Please define the property before editing.
Properties> This property is not defined. Please define the property before editing.
ICDB server [info]: [AutoSave] backup of size [101.4 kB] created successfully in location [C:\PADS Projects\DxProjects\PRUEBA\ProjectBackup\backups\2021-10-10 23.44.58 - auto.zip]
Properties> This property is not defined. Please define the property before editing.
Properties> This property is not defined. Please define the property before editing.
Properties> This property is not defined. Please define the property before editing.
Properties> This property is not defined. Please define the property before editing.
ICDB server [info]: Starting [Autosave] backup process
ICDB server [info]: [AutoSave] backup of size [219.5 kB] created successfully in location [C:\PADS Projects\DxProjects\PRUEBA\ProjectBackup\backups\2021-10-11 18.12.30 - auto.zip]
Properties> Illegal property value, the regular expression for this property value is: (\u|\d|-|_|,|\?)*
ICDB server [info]: Starting [Autosave] backup process
ICDB server [info]: [AutoSave] backup of size [467.1 kB] created successfully in location [C:\PADS Projects\DxProjects\PRUEBA\ProjectBackup\backups\2021-10-11 22.12.30 - auto.zip]
DRC> Info : Reading Check definitions : 'c:/mentorgraphics\padsvx.2.7\sdd_home\standard\NetlistVerifyDefaults.ini' : OK
DRC> Reading GUI file 'c:/mentorgraphics\padsvx.2.7\sdd_home\standard\NetlistVerifyDefaults.ini'
ICDB server [info]: [AutoSave] backup of size [488.0 kB] created successfully in location [C:\PADS Projects\DxProjects\PRUEBA\ProjectBackup\backups\2021-10-29 22.31.32 - auto.zip]
ICDB server [info]: [AutoSave] backup of size [493.2 kB] created successfully in location [C:\PADS Projects\DxProjects\PRUEBA\ProjectBackup\backups\2021-11-05 21.42.47 - auto.zip]
Properties> This property is not defined. Please define the property before editing.
ICDB server [info]: [AutoSave] backup of size [508.4 kB] created successfully in location [C:\PADS Projects\DxProjects\PRUEBA\ProjectBackup\backups\2021-11-15 19.20.31 - auto.zip]
ICDB server [info]: [AutoSave] backup of size [518.6 kB] created successfully in location [C:\PADS Projects\DxProjects\PRUEBA\ProjectBackup\backups\2021-11-22 12.12.45 - auto.zip]
ICDB server [info]: Starting [Autosave] backup process
ICDB server [info]: [AutoSave] backup of size [502.9 kB] created successfully in location [C:\PADS Projects\DxProjects\PRUEBA\ProjectBackup\backups\2021-11-22 16.12.45 - auto.zip]
ICDB server [critical]: Server stopping: Requesting emergency server stop: System goes to SLEEP<!#!><severity>3</severity>
ICDB server [info]: [AutoSave] backup of size [506.5 kB] created successfully in location [C:\PADS Projects\DxProjects\PRUEBA\ProjectBackup\backups\2021-11-27 18.38.46 - auto.zip]
ICDB server [info]: Starting [Autosave] backup process
ICDB server [info]: [AutoSave] backup of size [507.0 kB] created successfully in location [C:\PADS Projects\DxProjects\PRUEBA\ProjectBackup\backups\2021-11-27 22.38.46 - auto.zip]
ICDB server [info]: [AutoSave] backup of size [507.7 kB] created successfully in location [C:\PADS Projects\DxProjects\PRUEBA\ProjectBackup\backups\2021-11-28 21.35.43 - auto.zip]
