--------------------------------------------------
--------------------------------------------------
--------------------------------------------------
--------------------------------------------------
--------------------------------------------------
--------------------------------------------------
--------------------------------------------------
--------------------------------------------------
--------------------------------------------------
--------------------------------------------------
--------------------------------------------------
--------------------------------------------------
--------------------------------------------------
--------------------------------------------------
Port _1N42 was deleted from Fub26.1
--------------------------------------------------
--------------------------------------------------
--------------------------------------------------
Port _1N29 was deleted from Fub230.1
--------------------------------------------------
--------------------------------------------------
--------------------------------------------------
--------------------------------------------------
--------------------------------------------------
--------------------------------------------------
--------------------------------------------------
--------------------------------------------------
--------------------------------------------------
--------------------------------------------------
--------------------------------------------------
--------------------------------------------------
--------------------------------------------------
--------------------------------------------------
Port COM_RS485_LCD was deleted from Fub242.1
Port Tx_RS485_LCD was deleted from Fub242.1
Port Rx_RS485_lcd was deleted from Fub242.1
--------------------------------------------------
--------------------------------------------------
--------------------------------------------------
--------------------------------------------------
Port INPUT_4_MICRO was deleted from INPUTS.1
Port INPUT_3_MICRO was deleted from INPUTS.1
Port INPUT_2_MICRO was deleted from INPUTS.1
Port INPUT_1_MICRO was deleted from INPUTS.1
--------------------------------------------------
--------------------------------------------------
--------------------------------------------------
--------------------------------------------------
--------------------------------------------------
--------------------------------------------------
--------------------------------------------------
--------------------------------------------------
--------------------------------------------------
Port CON_RS485_eXT was deleted from Fub233.1
Port Rx_RS485_eXT was deleted from Fub233.1
--------------------------------------------------
--------------------------------------------------
--------------------------------------------------
--------------------------------------------------
--------------------------------------------------
--------------------------------------------------
--------------------------------------------------
Port Rx_RS485_eXT was deleted from Control.1
Port INPUT_2_MICRO was deleted from Control.1
Port Rx_RS485_eXT was deleted from Control.1
Port INPUT_4_MICRO was deleted from Control.1
Port Tx_RS485_eXT was deleted from Control.1
Port INPUT_1_MICRO was deleted from Control.1
Port INPUT_3_MICRO was deleted from Control.1
--------------------------------------------------
--------------------------------------------------
--------------------------------------------------
--------------------------------------------------
--------------------------------------------------
--------------------------------------------------
--------------------------------------------------
--------------------------------------------------
--------------------------------------------------
--------------------------------------------------
--------------------------------------------------
--------------------------------------------------
--------------------------------------------------
--------------------------------------------------
--------------------------------------------------
--------------------------------------------------
--------------------------------------------------
--------------------------------------------------
--------------------------------------------------
--------------------------------------------------
--------------------------------------------------
--------------------------------------------------
--------------------------------------------------
--------------------------------------------------
--------------------------------------------------
--------------------------------------------------
Port JR was deleted from ANICITA.1
Port JR was deleted from ANICITA.1
--------------------------------------------------
--------------------------------------------------
--------------------------------------------------
--------------------------------------------------
--------------------------------------------------
--------------------------------------------------
--------------------------------------------------
--------------------------------------------------
--------------------------------------------------
--------------------------------------------------
--------------------------------------------------
--------------------------------------------------
--------------------------------------------------
--------------------------------------------------
--------------------------------------------------
--------------------------------------------------
--------------------------------------------------
--------------------------------------------------
--------------------------------------------------
--------------------------------------------------
--------------------------------------------------
--------------------------------------------------
--------------------------------------------------
--------------------------------------------------
--------------------------------------------------
--------------------------------------------------
--------------------------------------------------
--------------------------------------------------
--------------------------------------------------
--------------------------------------------------
--------------------------------------------------
--------------------------------------------------
--------------------------------------------------
--------------------------------------------------
